Invalid port. Exiting...
1537879439667	mozrunner::runner	INFO	Running command: "C:\\Program Files\\Mozilla Firefox\\firefox.exe" "-marionette" "-foreground" "-no-remote" "-profile" "C:\\Users\\bryant.lee\\AppData\\Local\\Temp\\rust_mozprofile.YRxuCFngZz5I"
1537879467659	mozrunner::runner	INFO	Running command: "C:\\Program Files\\Mozilla Firefox\\firefox.exe" "-marionette" "-foreground" "-no-remote" "-profile" "C:\\Users\\bryant.lee\\AppData\\Local\\Temp\\rust_mozprofile.xHpG2brupgho"
1537879470221	Marionette	INFO	Listening on port 60396
1537879470398	Marionette	WARN	TLS certificate errors will be ignored for this session
1537879470449	Marionette	DEBUG	[6442450945] Frame script loaded
1537879470452	Marionette	DEBUG	[6442450945] Frame script registered
1537879470483	Marionette	DEBUG	[6442450945] Received DOM event beforeunload for about:blank
1537879470975	Marionette	DEBUG	[6442450945] Received DOM event pagehide for about:blank
1537879471585	Marionette	DEBUG	[6442450945] Received DOM event DOMContentLoaded for https://www.zhihu.com/signin
1537879471838	Marionette	DEBUG	[6442450945] Received DOM event pageshow for https://www.zhihu.com/signin
1537879472497	Marionette	DEBUG	[6442450945] Canceled page load listener because no navigation has been detected
[Child 83184, Chrome_ChildThread] WARNING: pipe error: 109: file z:/build/build/src/ipc/chromium/src/chrome/common/ipc_cha[Child n287492, Chrnel_win.cc, lome_Chiline 346dTh
read] WARNING: pipe error: 109: file z:/build/build/src/ipc/chromium/src/chrome/common/ipc_channel_win.cc, line 346
[Child 28[Child 287340, Chrome_ChildThread] WARNING: pipe error: 109: file z:/build/build/src/ipc/chromium/src/chrome/common/ipc_channel_win.cc, line 346
[Child 21537879487365	Marionette	INFO	Stopped listening on port 60396
[GPU 287224, 
###!!! [Child][MessageChannel::SendAndWait] Error: Channel error: cannot send/recv

1537879523662	mozrunner::runner	INFO	Running command: "C:\\Program Files\\Mozilla Firefox\\firefox.exe" "-marionette" "-foreground" "-no-remote" "-profile" "C:\\Users\\bryant.lee\\AppData\\Local\\Temp\\rust_mozprofile.xwAa1yNLC6aO"
1537879526187	Marionette	INFO	Listening on port 60527
1537879526387	Marionette	WARN	TLS certificate errors will be ignored for this session
1537879526426	Marionette	DEBUG	[6442450945] Frame script loaded
1537879526428	Marionette	DEBUG	[6442450945] Frame script registered
1537879526447	Marionette	DEBUG	[6442450945] Received DOM event beforeunload for about:blank
1537879526939	Marionette	DEBUG	[6442450945] Received DOM event pagehide for about:blank
1537879527552	Marionette	DEBUG	[6442450945] Received DOM event DOMContentLoaded for https://www.zhihu.com/signin
1537879527852	Marionette	DEBUG	[6442450945] Received DOM event pageshow for https://www.zhihu.com/signin
1537879528417	Marionette	DEBUG	[6442450945] Canceled page load listener because no navigation has been detected
1537879569482	mozrunner::runner	INFO	Running command: "C:\\Program Files\\Mozilla Firefox\\firefox.exe" "-marionette" "-foreground" "-no-remote" "-profile" "C:\\Users\\bryant.lee\\AppData\\Local\\Temp\\rust_mozprofile.AGlrdvd36uVC"
1537879571916	Marionette	INFO	Listening on port 60642
1537879572204	Marionette	WARN	TLS certificate errors will be ignored for this session
1537879572242	Marionette	DEBUG	[6442450945] Frame script loaded
1537879572250	Marionette	DEBUG	[6442450945] Frame script registered
1537879572281	Marionette	DEBUG	[6442450945] Received DOM event beforeunload for about:blank
1537879573198	Marionette	DEBUG	[6442450945] Received DOM event pagehide for about:blank
1537879573822	Marionette	DEBUG	[6442450945] Received DOM event DOMContentLoaded for https://www.zhihu.com/signin
1537879574049	Marionette	DEBUG	[6442450945] Received DOM event pageshow for https://www.zhihu.com/signin
1537879574634	Marionette	DEBUG	[6442450945] Canceled page load listener because no navigation has been detected
[Parent 287832, Gecko_IOThread] WARNING: pipe error: 109: file z:/build/build/src/ipc/chromium/src/chrome/common/ipc_channel_win.cc, line 346
[Child 283612, Chrome_ChildThread] WARNING: pipe error: 109: file z:/build/build/src/ipc/chromium/src/chrome/common/ipc_channel_win.cc, line 346
[Child 283612, Chro[Child 281136, Chrome_ChildThread] WARNING: pipe error: 109: file z:/build/build/src/ipc/chromium/src/chrome/common/ipc_channel_win.cc, line 346
[Child 281136, [Parent 287832, Gecko_IOThread] WARNING: pipe error: 109: file z:/build/build/src/ipc/chromium/src/chrome/common/ipc_channel_win.cc, line 346
[Child 286500, Chrome_ChildThread] WARNING: pipe error: 109: file z:/build/build/src/ipc/chromium/src/chrome/common/ipc_channel_win.cc, line 346
[Child 281537879582063	Marionette	INFO	Stopped listening on port 60642
[GPU 24425
###!!! [Child][MessageChannel::SendAndWait] Error: Channel error: cannot send/recv

1537879606285	mozrunner::runner	INFO	Running command: "C:\\Program Files\\Mozilla Firefox\\firefox.exe" "-marionette" "-foreground" "-no-remote" "-profile" "C:\\Users\\bryant.lee\\AppData\\Local\\Temp\\rust_mozprofile.WuKqyxaNYfsP"
1537879608747	Marionette	INFO	Listening on port 60815
1537879609006	Marionette	WARN	TLS certificate errors will be ignored for this session
1537879609046	Marionette	DEBUG	[6442450945] Frame script loaded
1537879609048	Marionette	DEBUG	[6442450945] Frame script registered
1537879609073	Marionette	DEBUG	[6442450945] Received DOM event beforeunload for about:blank
1537879609530	Marionette	DEBUG	[6442450945] Received DOM event pagehide for about:blank
1537879610037	Marionette	DEBUG	[6442450945] Received DOM event DOMContentLoaded for https://www.zhihu.com/signin
1537879610285	Marionette	DEBUG	[6442450945] Received DOM event pageshow for https://www.zhihu.com/signin
1537879611107	Marionette	DEBUG	[6442450945] Canceled page load listener because no navigation has been detected
1537879621134	Marionette	INFO	Stopped listening on port 60815
[Child 284160, Chrome_ChildThread] WARNING: pipe error: 109: file z:/build/build/src/ipc/chromium/src/chrome/common/ipc_channel_win.cc, line 346
[Child [Child 262108, Chrome_ChildThread] WARNING: pipe error: 109: file z:/build/build/src/ipc/chromium/src/chrome/common/ipc_channel_win.cc, line 346
[Child 2[Parent 287992, Gecko_IOThread] WARNING: pipe error: 109: file z:/build/build/src/ipc/chromium/src/chrome/common/ipc_channel_win.cc, line 346
[Child 177260, Chrome_ChildThread] WARNING: pipe error: 109: file z:/build/build/src/ipc/chromium/src/chrome/common/ipc_channel_win.cc, line 346
[Child 1[GPU 28275
###!!! [Child][MessageChannel::SendAndWait] Error: Channel error: cannot send/recv

